<?xml version="1.0" encoding="UTF-8"?>
<testng-results skipped="0" failed="0" total="2" passed="2">
  <reporter-output>
  </reporter-output>
  <suite name="Tests" duration-ms="13455" started-at="2015-04-16T16:51:09Z" finished-at="2015-04-16T16:51:22Z">
    <groups>
    </groups>
    <test name="Test1" duration-ms="13455" started-at="2015-04-16T16:51:09Z" finished-at="2015-04-16T16:51:22Z">
      <class name="galetaGroup.addMovieTest">
        <test-method status="PASS" signature="init()[pri:0, instance:galetaGroup.addMovieTest@7a0ac6e3]" name="init" is-config="true" duration-ms="276" started-at="2015-04-16T18:51:17Z" finished-at="2015-04-16T18:51:18Z">
          <reporter-output>
          </reporter-output>
        </test-method> <!-- init -->
        <test-method status="PASS" signature="Test2()[pri:0, instance:galetaGroup.addMovieTest@7a0ac6e3]" name="Test2" duration-ms="4305" started-at="2015-04-16T18:51:18Z" finished-at="2015-04-16T18:51:22Z">
          <reporter-output>
          </reporter-output>
        </test-method> <!-- Test2 -->
        <test-method status="PASS" signature="tearDown()[pri:0, instance:galetaGroup.addMovieTest@7a0ac6e3]" name="tearDown" is-config="true" duration-ms="255" started-at="2015-04-16T18:51:22Z" finished-at="2015-04-16T18:51:22Z">
          <reporter-output>
          </reporter-output>
        </test-method> <!-- tearDown -->
      </class> <!-- galetaGroup.addMovieTest -->
      <class name="galetaGroup.LoginTest">
        <test-method status="PASS" signature="init()[pri:0, instance:galetaGroup.LoginTest@566776ad]" name="init" is-config="true" duration-ms="6534" started-at="2015-04-16T18:51:09Z" finished-at="2015-04-16T18:51:15Z">
          <reporter-output>
          </reporter-output>
        </test-method> <!-- init -->
        <test-method status="PASS" signature="Test1()[pri:0, instance:galetaGroup.LoginTest@566776ad]" name="Test1" duration-ms="2324" started-at="2015-04-16T18:51:15Z" finished-at="2015-04-16T18:51:17Z">
          <reporter-output>
          </reporter-output>
        </test-method> <!-- Test1 -->
      </class> <!-- galetaGroup.LoginTest -->
    </test> <!-- Test1 -->
  </suite> <!-- Tests -->
</testng-results>
