<?xml version="1.0" encoding="UTF-8"?>
<testng-results skipped="0" failed="0" total="1" passed="1">
  <reporter-output>
  </reporter-output>
  <suite name="Default suite" duration-ms="11699" started-at="2015-04-16T16:49:55Z" finished-at="2015-04-16T16:50:06Z">
    <groups>
    </groups>
    <test name="Default test" duration-ms="11699" started-at="2015-04-16T16:49:55Z" finished-at="2015-04-16T16:50:06Z">
      <class name="galetaGroup.addMovieTest">
        <test-method status="PASS" signature="init()[pri:0, instance:galetaGroup.addMovieTest@1fbc7afb]" name="init" is-config="true" duration-ms="6581" started-at="2015-04-16T18:49:55Z" finished-at="2015-04-16T18:50:01Z">
          <reporter-output>
          </reporter-output>
        </test-method> <!-- init -->
        <test-method status="PASS" signature="Test2()[pri:0, instance:galetaGroup.addMovieTest@1fbc7afb]" name="Test2" duration-ms="5106" started-at="2015-04-16T18:50:01Z" finished-at="2015-04-16T18:50:06Z">
          <reporter-output>
          </reporter-output>
        </test-method> <!-- Test2 -->
        <test-method status="PASS" signature="tearDown()[pri:0, instance:galetaGroup.addMovieTest@1fbc7afb]" name="tearDown" is-config="true" duration-ms="432" started-at="2015-04-16T18:50:06Z" finished-at="2015-04-16T18:50:07Z">
          <reporter-output>
          </reporter-output>
        </test-method> <!-- tearDown -->
      </class> <!-- galetaGroup.addMovieTest -->
    </test> <!-- Default test -->
  </suite> <!-- Default suite -->
</testng-results>
